2023-11-09T10:45:43.508790Z 0 [System] [MY-015015] [Server] MySQL Server - start.
2023-11-09T10:45:43.984592Z 0 [Warning] [MY-011068] [Server] The syntax '--skip-host-cache' is deprecated and will be removed in a future release. Please use SET GLOBAL host_cache_size=0 instead.
2023-11-09T10:45:43.993477Z 0 [Warning] [MY-010918] [Server] 'default_authentication_plugin' is deprecated and will be removed in a future release. Please use authentication_policy instead.
2023-11-09T10:45:43.993510Z 0 [System] [MY-010116] [Server] /usr/sbin/mysqld (mysqld 8.2.0) starting as process 125
2023-11-09T10:45:43.999150Z 0 [Warning] [MY-010159] [Server] Setting lower_case_table_names=2 because file system for /var/lib/mysql/ is case insensitive
2023-11-09T10:45:44.038039Z 1 [System] [MY-013576] [InnoDB] InnoDB initialization has started.
2023-11-09T10:45:44.564082Z 1 [System] [MY-013577] [InnoDB] InnoDB initialization has ended.
2023-11-09T10:45:45.079530Z 0 [Warning] [MY-010068] [Server] CA certificate ca.pem is self signed.
2023-11-09T10:45:45.080435Z 0 [System] [MY-013602] [Server] Channel mysql_main configured to support TLS. Encrypted connections are now supported for this channel.
2023-11-09T10:45:45.088319Z 0 [Warning] [MY-011810] [Server] Insecure configuration for --pid-file: Location '/var/run/mysqld' in the path is accessible to all OS users. Consider choosing a different directory.
2023-11-09T10:45:45.122362Z 0 [System] [MY-011323] [Server] X Plugin ready for connections. Socket: /var/run/mysqld/mysqlx.sock
2023-11-09T10:45:45.122541Z 0 [System] [MY-010931] [Server] /usr/sbin/mysqld: ready for connections. Version: '8.2.0'  socket: '/var/run/mysqld/mysqld.sock'  port: 0  MySQL Community Server - GPL.
2023-11-09T10:45:45.181408Z 8 [Warning] [MY-013360] [Server] Plugin mysql_native_password reported: ''mysql_native_password' is deprecated and will be removed in a future release. Please use caching_sha2_password instead'
2023-11-09T10:45:49.686578Z 9 [Warning] [MY-013360] [Server] Plugin mysql_native_password reported: ''mysql_native_password' is deprecated and will be removed in a future release. Please use caching_sha2_password instead'
2023-11-09T10:45:49.690291Z 9 [Warning] [MY-013360] [Server] Plugin mysql_native_password reported: ''mysql_native_password' is deprecated and will be removed in a future release. Please use caching_sha2_password instead'
2023-11-09T10:45:49.700562Z 9 [Warning] [MY-013360] [Server] Plugin mysql_native_password reported: ''mysql_native_password' is deprecated and will be removed in a future release. Please use caching_sha2_password instead'
2023-11-09T10:45:49.724122Z 10 [Warning] [MY-013360] [Server] Plugin mysql_native_password reported: ''mysql_native_password' is deprecated and will be removed in a future release. Please use caching_sha2_password instead'
2023-11-09T10:45:49.744095Z 11 [Warning] [MY-013360] [Server] Plugin mysql_native_password reported: ''mysql_native_password' is deprecated and will be removed in a future release. Please use caching_sha2_password instead'
2023-11-09T10:45:49.746382Z 11 [Warning] [MY-013360] [Server] Plugin mysql_native_password reported: ''mysql_native_password' is deprecated and will be removed in a future release. Please use caching_sha2_password instead'
2023-11-09T10:45:49.763317Z 12 [Warning] [MY-013360] [Server] Plugin mysql_native_password reported: ''mysql_native_password' is deprecated and will be removed in a future release. Please use caching_sha2_password instead'
2023-11-09T10:45:49.781520Z 13 [Warning] [MY-013360] [Server] Plugin mysql_native_password reported: ''mysql_native_password' is deprecated and will be removed in a future release. Please use caching_sha2_password instead'
2023-11-09T10:45:50.547428Z 14 [Warning] [MY-013360] [Server] Plugin mysql_native_password reported: ''mysql_native_password' is deprecated and will be removed in a future release. Please use caching_sha2_password instead'
2023-11-09T10:45:50.550557Z 14 [System] [MY-013172] [Server] Received SHUTDOWN from user root. Shutting down mysqld (Version: 8.2.0).
2023-11-09T10:45:51.987046Z 0 [System] [MY-010910] [Server] /usr/sbin/mysqld: Shutdown complete (mysqld 8.2.0)  MySQL Community Server - GPL.
2023-11-09T10:45:51.994061Z 0 [System] [MY-015016] [Server] MySQL Server - end.
